<?xml version="1.0" encoding="UTF-8"?>
<!-- Generated by org.testng.reporters.JUnitXMLReporter -->
<testsuite ignored="4" hostname="TEJAL" failures="0" tests="3" name="Test" time="42.885" errors="0" timestamp="2023-12-25T00:56:20 IST">
  <testcase classname="Test.GoogleSearchTest" name="EbayTest" time="16.543"/>
  <testcase classname="Test.GoogleSearchTest" name="testgoogle" time="13.756"/>
  <testcase classname="Test.OrangeHRM" name="LaunchWeb" time="12.451"/>
  <testcase classname="Test.OrangeHRM" name="VerifyMyInfo" time="0.0">
    <ignored/>
  </testcase> <!-- VerifyMyInfo -->
  <testcase classname="Test.OrangeHRM" name="VerifyLogin" time="0.0">
    <ignored/>
  </testcase> <!-- VerifyLogin -->
  <testcase classname="Test.OrangeHRM" name="NavigateToMyInfo" time="0.0">
    <ignored/>
  </testcase> <!-- NavigateToMyInfo -->
  <testcase classname="Test.OrangeHRM" name="EnterLoginDetails" time="0.0">
    <ignored/>
  </testcase> <!-- EnterLoginDetails -->
</testsuite> <!-- Test -->
